build/app/intermediates/manifest_merge_blame_file/debug/manifest-merger-blame-debug-report.txt
1<?xml version="1.0" encoding="utf-8"?>
2<manifest xmlns:android="http://schemas.android.com/apk/res/android"
3    package="com.example.profile_page"
4    android:versionCode="1"
5    android:versionName="1.0.0" >
6
7    <uses-sdk
8        android:minSdkVersion="16"
9        android:targetSdkVersion="30" />
10    <!--
11         Flutter needs it to communicate with the running application
12         to allow setting breakpoints, to provide hot reload, etc.
13    -->
14    <uses-permission android:name="android.permission.INTERNET" />
14-->src/debug/AndroidManifest.xml:6:5-66
14-->src/debug/AndroidManifest.xml:6:22-64
15    <!-- Include required permissions for Google Maps API to run. -->
16    <uses-permission android:name="android.permission.ACCESS_NETWORK_STATE" />
16-->[com.google.android.gms:play-services-maps:17.0.0] AndroidManifest.xml:23:5-79
16-->[com.google.android.gms:play-services-maps:17.0.0] AndroidManifest.xml:23:22-76
17
18    <uses-feature
18-->[com.google.android.gms:play-services-maps:17.0.0] AndroidManifest.xml:26:5-28:35
19        android:glEsVersion="0x00020000"
19-->[com.google.android.gms:play-services-maps:17.0.0] AndroidManifest.xml:27:9-41
20        android:required="true" />
20-->[com.google.android.gms:play-services-maps:17.0.0] AndroidManifest.xml:28:9-32
21
22    <uses-permission android:name="android.permission.WAKE_LOCK" />
22-->[com.google.android.gms:play-services-measurement-api:18.0.2] AndroidManifest.xml:24:5-68
22-->[com.google.android.gms:play-services-measurement-api:18.0.2] AndroidManifest.xml:24:22-65
23    <uses-permission android:name="com.google.android.finsky.permission.BIND_GET_INSTALL_REFERRER_SERVICE" />
23-->[com.google.android.gms:play-services-measurement:18.0.2] AndroidManifest.xml:26:5-110
23-->[com.google.android.gms:play-services-measurement:18.0.2] AndroidManifest.xml:26:22-107
24
25    <application
25-->src/main/AndroidManifest.xml:3:4-40:19
26        android:appComponentFactory="androidx.core.app.CoreComponentFactory"
26-->[androidx.core:core:1.1.0] AndroidManifest.xml:24:18-86
27        android:debuggable="true"
28        android:icon="@mipmap/ic_launcher"
28-->src/main/AndroidManifest.xml:5:9-43
29        android:label="profile_page" >
29-->src/main/AndroidManifest.xml:4:9-37
30        <activity
30-->src/main/AndroidManifest.xml:6:9-34:20
31            android:name="com.example.profile_page.MainActivity"
31-->src/main/AndroidManifest.xml:7:13-41
32            android:configChanges="orientation|keyboardHidden|keyboard|screenSize|smallestScreenSize|locale|layoutDirection|fontScale|screenLayout|density|uiMode"
32-->src/main/AndroidManifest.xml:10:13-163
33            android:hardwareAccelerated="true"
33-->src/main/AndroidManifest.xml:11:13-47
34            android:launchMode="singleTop"
34-->src/main/AndroidManifest.xml:8:13-43
35            android:theme="@style/LaunchTheme"
35-->src/main/AndroidManifest.xml:9:13-47
36            android:windowSoftInputMode="adjustResize" >
36-->src/main/AndroidManifest.xml:12:13-55
37
38            <!--
39                 Specifies an Android theme to apply to this Activity as soon as
40                 the Android process has started. This theme is visible to the user
41                 while the Flutter UI initializes. After that, this theme continues
42                 to determine the Window background behind the Flutter UI.
43            -->
44            <meta-data
44-->src/main/AndroidManifest.xml:17:13-20:17
45                android:name="io.flutter.embedding.android.NormalTheme"
45-->src/main/AndroidManifest.xml:18:15-70
46                android:resource="@style/NormalTheme" />
46-->src/main/AndroidManifest.xml:19:15-52
47            <!--
48                 Displays an Android View that continues showing the launch screen
49                 Drawable until Flutter paints its first frame, then this splash
50                 screen fades out. A splash screen is useful to avoid any visual
51                 gap between the end of Android's launch screen and the painting of
52                 Flutter's first frame.
53            -->
54            <meta-data
54-->src/main/AndroidManifest.xml:26:13-29:17
55                android:name="io.flutter.embedding.android.SplashScreenDrawable"
55-->src/main/AndroidManifest.xml:27:15-79
56                android:resource="@drawable/launch_background" />
56-->src/main/AndroidManifest.xml:28:15-61
57
58            <intent-filter>
58-->src/main/AndroidManifest.xml:30:13-33:29
59                <action android:name="android.intent.action.MAIN" />
59-->src/main/AndroidManifest.xml:31:17-68
59-->src/main/AndroidManifest.xml:31:25-66
60
61                <category android:name="android.intent.category.LAUNCHER" />
61-->src/main/AndroidManifest.xml:32:17-76
61-->src/main/AndroidManifest.xml:32:27-74
62            </intent-filter>
63        </activity>
64        <!--
65             Don't delete the meta-data below.
66             This is used by the Flutter tool to generate GeneratedPluginRegistrant.java
67        -->
68        <meta-data
68-->src/main/AndroidManifest.xml:37:9-39:33
69            android:name="flutterEmbedding"
69-->src/main/AndroidManifest.xml:38:13-44
70            android:value="2" />
70-->src/main/AndroidManifest.xml:39:13-30
71        <!-- Needs to be explicitly declared on P+ -->
72        <uses-library
72-->[com.google.android.gms:play-services-maps:17.0.0] AndroidManifest.xml:33:9-35:40
73            android:name="org.apache.http.legacy"
73-->[com.google.android.gms:play-services-maps:17.0.0] AndroidManifest.xml:34:13-50
74            android:required="false" />
74-->[com.google.android.gms:play-services-maps:17.0.0] AndroidManifest.xml:35:13-37
75
76        <activity
76-->[com.google.firebase:firebase-auth:20.0.3] AndroidManifest.xml:27:9-44:20
77            android:name="com.google.firebase.auth.internal.GenericIdpActivity"
77-->[com.google.firebase:firebase-auth:20.0.3] AndroidManifest.xml:28:13-80
78            android:excludeFromRecents="true"
78-->[com.google.firebase:firebase-auth:20.0.3] AndroidManifest.xml:29:13-46
79            android:exported="true"
79-->[com.google.firebase:firebase-auth:20.0.3] AndroidManifest.xml:30:13-36
80            android:launchMode="singleTask"
80-->[com.google.firebase:firebase-auth:20.0.3] AndroidManifest.xml:31:13-44
81            android:theme="@android:style/Theme.Translucent.NoTitleBar" >
81-->[com.google.firebase:firebase-auth:20.0.3] AndroidManifest.xml:32:13-72
82            <intent-filter>
82-->[com.google.firebase:firebase-auth:20.0.3] AndroidManifest.xml:33:13-43:29
83                <action android:name="android.intent.action.VIEW" />
83-->[com.google.firebase:firebase-auth:20.0.3] AndroidManifest.xml:34:17-69
83-->[com.google.firebase:firebase-auth:20.0.3] AndroidManifest.xml:34:25-66
84
85                <category android:name="android.intent.category.DEFAULT" />
85-->[com.google.firebase:firebase-auth:20.0.3] AndroidManifest.xml:36:17-76
85-->[com.google.firebase:firebase-auth:20.0.3] AndroidManifest.xml:36:27-73
86                <category android:name="android.intent.category.BROWSABLE" />
86-->[com.google.firebase:firebase-auth:20.0.3] AndroidManifest.xml:37:17-78
86-->[com.google.firebase:firebase-auth:20.0.3] AndroidManifest.xml:37:27-75
87
88                <data
88-->[com.google.firebase:firebase-auth:20.0.3] AndroidManifest.xml:39:17-42:51
89                    android:host="firebase.auth"
89-->[com.google.firebase:firebase-auth:20.0.3] AndroidManifest.xml:40:21-49
90                    android:path="/"
90-->[com.google.firebase:firebase-auth:20.0.3] AndroidManifest.xml:41:21-37
91                    android:scheme="genericidp" />
91-->[com.google.firebase:firebase-auth:20.0.3] AndroidManifest.xml:42:21-48
92            </intent-filter>
93        </activity>
94        <activity
94-->[com.google.firebase:firebase-auth:20.0.3] AndroidManifest.xml:45:9-62:20
95            android:name="com.google.firebase.auth.internal.RecaptchaActivity"
95-->[com.google.firebase:firebase-auth:20.0.3] AndroidManifest.xml:46:13-79
96            android:excludeFromRecents="true"
96-->[com.google.firebase:firebase-auth:20.0.3] AndroidManifest.xml:47:13-46
97            android:exported="true"
97-->[com.google.firebase:firebase-auth:20.0.3] AndroidManifest.xml:48:13-36
98            android:launchMode="singleTask"
98-->[com.google.firebase:firebase-auth:20.0.3] AndroidManifest.xml:49:13-44
99            android:theme="@android:style/Theme.Translucent.NoTitleBar" >
99-->[com.google.firebase:firebase-auth:20.0.3] AndroidManifest.xml:50:13-72
100            <intent-filter>
100-->[com.google.firebase:firebase-auth:20.0.3] AndroidManifest.xml:51:13-61:29
101                <action android:name="android.intent.action.VIEW" />
101-->[com.google.firebase:firebase-auth:20.0.3] AndroidManifest.xml:34:17-69
101-->[com.google.firebase:firebase-auth:20.0.3] AndroidManifest.xml:34:25-66
102
103                <category android:name="android.intent.category.DEFAULT" />
103-->[com.google.firebase:firebase-auth:20.0.3] AndroidManifest.xml:36:17-76
103-->[com.google.firebase:firebase-auth:20.0.3] AndroidManifest.xml:36:27-73
104                <category android:name="android.intent.category.BROWSABLE" />
104-->[com.google.firebase:firebase-auth:20.0.3] AndroidManifest.xml:37:17-78
104-->[com.google.firebase:firebase-auth:20.0.3] AndroidManifest.xml:37:27-75
105
106                <data
106-->[com.google.firebase:firebase-auth:20.0.3] AndroidManifest.xml:39:17-42:51
107                    android:host="firebase.auth"
107-->[com.google.firebase:firebase-auth:20.0.3] AndroidManifest.xml:40:21-49
108                    android:path="/"
108-->[com.google.firebase:firebase-auth:20.0.3] AndroidManifest.xml:41:21-37
109                    android:scheme="recaptcha" />
109-->[com.google.firebase:firebase-auth:20.0.3] AndroidManifest.xml:42:21-48
110            </intent-filter>
111        </activity>
112
113        <service
113-->[com.google.firebase:firebase-auth:20.0.3] AndroidManifest.xml:64:9-73:19
114            android:name="com.google.firebase.auth.api.fallback.service.FirebaseAuthFallbackService"
114-->[com.google.firebase:firebase-auth:20.0.3] AndroidManifest.xml:65:13-101
115            android:enabled="true"
115-->[com.google.firebase:firebase-auth:20.0.3] AndroidManifest.xml:66:13-35
116            android:exported="false" >
116-->[com.google.firebase:firebase-auth:20.0.3] AndroidManifest.xml:67:13-37
117            <intent-filter>
117-->[com.google.firebase:firebase-auth:20.0.3] AndroidManifest.xml:68:13-72:29
118                <action android:name="com.google.firebase.auth.api.gms.service.START" />
118-->[com.google.firebase:firebase-auth:20.0.3] AndroidManifest.xml:69:17-89
118-->[com.google.firebase:firebase-auth:20.0.3] AndroidManifest.xml:69:25-86
119
120                <category android:name="android.intent.category.DEFAULT" />
120-->[com.google.firebase:firebase-auth:20.0.3] AndroidManifest.xml:36:17-76
120-->[com.google.firebase:firebase-auth:20.0.3] AndroidManifest.xml:36:27-73
121            </intent-filter>
122        </service>
123        <service
123-->[com.google.firebase:firebase-auth:20.0.3] AndroidManifest.xml:74:9-80:19
124            android:name="com.google.firebase.components.ComponentDiscoveryService"
124-->[com.google.firebase:firebase-auth:20.0.3] AndroidManifest.xml:75:13-84
125            android:directBootAware="true"
125-->[com.google.firebase:firebase-common:19.5.0] AndroidManifest.xml:35:13-43
126            android:exported="false" >
126-->[com.google.firebase:firebase-auth:20.0.3] AndroidManifest.xml:76:13-37
127            <meta-data
127-->[com.google.firebase:firebase-auth:20.0.3] AndroidManifest.xml:77:13-79:85
128                android:name="com.google.firebase.components:com.google.firebase.auth.FirebaseAuthRegistrar"
128-->[com.google.firebase:firebase-auth:20.0.3] AndroidManifest.xml:78:17-109
129                android:value="com.google.firebase.components.ComponentRegistrar" />
129-->[com.google.firebase:firebase-auth:20.0.3] AndroidManifest.xml:79:17-82
130            <meta-data
130-->[com.google.android.gms:play-services-measurement-api:18.0.2] AndroidManifest.xml:30:13-32:85
131                android:name="com.google.firebase.components:com.google.firebase.analytics.connector.internal.AnalyticsConnectorRegistrar"
131-->[com.google.android.gms:play-services-measurement-api:18.0.2] AndroidManifest.xml:31:17-139
132                android:value="com.google.firebase.components.ComponentRegistrar" />
132-->[com.google.android.gms:play-services-measurement-api:18.0.2] AndroidManifest.xml:32:17-82
133            <meta-data
133-->[com.google.firebase:firebase-installations:16.3.5] AndroidManifest.xml:18:13-20:85
134                android:name="com.google.firebase.components:com.google.firebase.installations.FirebaseInstallationsRegistrar"
134-->[com.google.firebase:firebase-installations:16.3.5] AndroidManifest.xml:19:17-127
135                android:value="com.google.firebase.components.ComponentRegistrar" />
135-->[com.google.firebase:firebase-installations:16.3.5] AndroidManifest.xml:20:17-82
136            <!--
137                This registrar is not defined in the dynamic-module-support sdk itself to allow non-firebase
138                clients to use it as well, by defining this registrar in their own core/common library.
139            -->
140            <meta-data
140-->[com.google.firebase:firebase-common:19.5.0] AndroidManifest.xml:43:13-45:85
141                android:name="com.google.firebase.components:com.google.firebase.dynamicloading.DynamicLoadingRegistrar"
141-->[com.google.firebase:firebase-common:19.5.0] AndroidManifest.xml:44:17-121
142                android:value="com.google.firebase.components.ComponentRegistrar" />
142-->[com.google.firebase:firebase-common:19.5.0] AndroidManifest.xml:45:17-82
143        </service>
144
145        <provider
145-->[com.google.firebase:firebase-common:19.5.0] AndroidManifest.xml:26:9-31:39
146            android:name="com.google.firebase.provider.FirebaseInitProvider"
146-->[com.google.firebase:firebase-common:19.5.0] AndroidManifest.xml:27:13-77
147            android:authorities="com.example.profile_page.firebaseinitprovider"
147-->[com.google.firebase:firebase-common:19.5.0] AndroidManifest.xml:28:13-72
148            android:directBootAware="true"
148-->[com.google.firebase:firebase-common:19.5.0] AndroidManifest.xml:29:13-43
149            android:exported="false"
149-->[com.google.firebase:firebase-common:19.5.0] AndroidManifest.xml:30:13-37
150            android:initOrder="100" />
150-->[com.google.firebase:firebase-common:19.5.0] AndroidManifest.xml:31:13-36
151
152        <activity
152-->[com.google.android.gms:play-services-base:17.1.0] AndroidManifest.xml:23:9-26:75
153            android:name="com.google.android.gms.common.api.GoogleApiActivity"
153-->[com.google.android.gms:play-services-base:17.1.0] AndroidManifest.xml:24:13-79
154            android:exported="false"
154-->[com.google.android.gms:play-services-base:17.1.0] AndroidManifest.xml:25:13-37
155            android:theme="@android:style/Theme.Translucent.NoTitleBar" />
155-->[com.google.android.gms:play-services-base:17.1.0] AndroidManifest.xml:26:13-72
156
157        <receiver
157-->[com.google.android.gms:play-services-measurement:18.0.2] AndroidManifest.xml:29:9-33:20
158            android:name="com.google.android.gms.measurement.AppMeasurementReceiver"
158-->[com.google.android.gms:play-services-measurement:18.0.2] AndroidManifest.xml:30:13-85
159            android:enabled="true"
159-->[com.google.android.gms:play-services-measurement:18.0.2] AndroidManifest.xml:31:13-35
160            android:exported="false" >
160-->[com.google.android.gms:play-services-measurement:18.0.2] AndroidManifest.xml:32:13-37
161        </receiver>
162
163        <service
163-->[com.google.android.gms:play-services-measurement:18.0.2] AndroidManifest.xml:35:9-38:40
164            android:name="com.google.android.gms.measurement.AppMeasurementService"
164-->[com.google.android.gms:play-services-measurement:18.0.2] AndroidManifest.xml:36:13-84
165            android:enabled="true"
165-->[com.google.android.gms:play-services-measurement:18.0.2] AndroidManifest.xml:37:13-35
166            android:exported="false" />
166-->[com.google.android.gms:play-services-measurement:18.0.2] AndroidManifest.xml:38:13-37
167        <service
167-->[com.google.android.gms:play-services-measurement:18.0.2] AndroidManifest.xml:39:9-43:72
168            android:name="com.google.android.gms.measurement.AppMeasurementJobService"
168-->[com.google.android.gms:play-services-measurement:18.0.2] AndroidManifest.xml:40:13-87
169            android:enabled="true"
169-->[com.google.android.gms:play-services-measurement:18.0.2] AndroidManifest.xml:41:13-35
170            android:exported="false"
170-->[com.google.android.gms:play-services-measurement:18.0.2] AndroidManifest.xml:42:13-37
171            android:permission="android.permission.BIND_JOB_SERVICE" />
171-->[com.google.android.gms:play-services-measurement:18.0.2] AndroidManifest.xml:43:13-69
172
173        <meta-data
173-->[com.google.android.gms:play-services-basement:17.1.0] AndroidManifest.xml:23:9-25:69
174            android:name="com.google.android.gms.version"
174-->[com.google.android.gms:play-services-basement:17.1.0] AndroidManifest.xml:24:13-58
175            android:value="@integer/google_play_services_version" />
175-->[com.google.android.gms:play-services-basement:17.1.0] AndroidManifest.xml:25:13-66
176    </application>
177
178</manifest>